<?xml version="1.0" encoding="UTF-8"?>
<!DOCTYPE coverage SYSTEM "https://raw.githubusercontent.com/cobertura/cobertura/master/cobertura/src/site/htdocs/xml/coverage-04.dtd">
<coverage line-rate="0.966994382022472" branch-rate="0" lines-covered="2754" lines-valid="2848" branches-covered="0" branches-valid="0" complexity="0" version="3.6.5" timestamp="2026-09-20 02:38:51.137574">
  <sources>
    <source>/home/runner/work/graphicalMCP/graphicalMCP</source>
  </sources>
  <packages>
    <package name="graphicalMCP" line-rate="0.966994382022472" branch-rate="0" complexity="0">
      <classes>
        <class name="adjust_p.R" filename="R/adjust_p.R" line-rate="0.977272727272727" branch-rate="0" complexity="0">
          <methods>
            <method name="adjust_p_bonferroni" signature="" line-rate="1" branch-rate="0" complexity="0">
              <lines>
                <line number="67" hits="891" branch="false"/>
                <line number="68" hits="48" branch="false"/>
                <line number="76" hits="843" branch="false"/>
              </lines>
            </method>
            <method name="adjust_p_parametric" signature="" line-rate="1" branch-rate="0" complexity="0">
              <lines>
                <line number="95" hits="424" branch="false"/>
                <line number="96" hits="96" branch="false"/>
                <line number="99" hits="328" branch="false"/>
                <line number="100" hits="328" branch="false"/>
                <line number="101" hits="328" branch="false"/>
                <line number="102" hits="328" branch="false"/>
                <line number="103" hits="328" branch="false"/>
                <line number="104" hits="328" branch="false"/>
                <line number="105" hits="328" branch="false"/>
                <line number="106" hits="328" branch="false"/>
                <line number="107" hits="328" branch="false"/>
                <line number="108" hits="328" branch="false"/>
                <line number="109" hits="328" branch="false"/>
                <line number="110" hits="328" branch="false"/>
                <line number="111" hits="328" branch="false"/>
                <line number="112" hits="328" branch="false"/>
                <line number="113" hits="328" branch="false"/>
                <line number="114" hits="328" branch="false"/>
                <line number="115" hits="328" branch="false"/>
                <line number="116" hits="328" branch="false"/>
                <line number="121" hits="328" branch="false"/>
              </lines>
            </method>
            <method name="adjust_p_simes" signature="" line-rate="1" branch-rate="0" complexity="0">
              <lines>
                <line number="131" hits="468" branch="false"/>
                <line number="132" hits="62" branch="false"/>
                <line number="135" hits="406" branch="false"/>
                <line number="136" hits="406" branch="false"/>
                <line number="155" hits="834" branch="false"/>
                <line number="156" hits="834" branch="false"/>
                <line number="157" hits="834" branch="false"/>
                <line number="158" hits="834" branch="false"/>
                <line number="159" hits="834" branch="false"/>
                <line number="162" hits="406" branch="false"/>
              </lines>
            </method>
            <method name="adjust_p_hochberg" signature="" line-rate="0.9" branch-rate="0" complexity="0">
              <lines>
                <line number="172" hits="15" branch="false"/>
                <line number="173" hits="0" branch="false"/>
                <line number="176" hits="15" branch="false"/>
                <line number="177" hits="15" branch="false"/>
                <line number="196" hits="32" branch="false"/>
                <line number="197" hits="32" branch="false"/>
                <line number="198" hits="32" branch="false"/>
                <line number="199" hits="32" branch="false"/>
                <line number="200" hits="32" branch="false"/>
                <line number="203" hits="15" branch="false"/>
              </lines>
            </method>
          </methods>
          <lines>
            <line number="67" hits="891" branch="false"/>
            <line number="68" hits="48" branch="false"/>
            <line number="76" hits="843" branch="false"/>
            <line number="95" hits="424" branch="false"/>
            <line number="96" hits="96" branch="false"/>
            <line number="99" hits="328" branch="false"/>
            <line number="100" hits="328" branch="false"/>
            <line number="101" hits="328" branch="false"/>
            <line number="102" hits="328" branch="false"/>
            <line number="103" hits="328" branch="false"/>
            <line number="104" hits="328" branch="false"/>
            <line number="105" hits="328" branch="false"/>
            <line number="106" hits="328" branch="false"/>
            <line number="107" hits="328" branch="false"/>
            <line number="108" hits="328" branch="false"/>
            <line number="109" hits="328" branch="false"/>
            <line number="110" hits="328" branch="false"/>
            <line number="111" hits="328" branch="false"/>
            <line number="112" hits="328" branch="false"/>
            <line number="113" hits="328" branch="false"/>
            <line number="114" hits="328" branch="false"/>
            <line number="115" hits="328" branch="false"/>
            <line number="116" hits="328" branch="false"/>
            <line number="121" hits="328" branch="false"/>
            <line number="131" hits="468" branch="false"/>
            <line number="132" hits="62" branch="false"/>
            <line number="135" hits="406" branch="false"/>
            <line number="136" hits="406" branch="false"/>
            <line number="155" hits="834" branch="false"/>
            <line number="156" hits="834" branch="false"/>
            <line number="157" hits="834" branch="false"/>
            <line number="158" hits="834" branch="false"/>
            <line number="159" hits="834" branch="false"/>
            <line number="162" hits="406" branch="false"/>
            <line number="172" hits="15" branch="false"/>
            <line number="173" hits="0" branch="false"/>
            <line number="176" hits="15" branch="false"/>
            <line number="177" hits="15" branch="false"/>
            <line number="196" hits="32" branch="false"/>
            <line number="197" hits="32" branch="false"/>
            <line number="198" hits="32" branch="false"/>
            <line number="199" hits="32" branch="false"/>
            <line number="200" hits="32" branch="false"/>
            <line number="203" hits="15" branch="false"/>
          </lines>
        </class>
        <class name="adjust_weights_parametric_util.R" filename="R/adjust_weights_parametric_util.R" line-rate="1" branch-rate="0" complexity="0">
          <methods>
            <method name="c_value_function" signature="" line-rate="1" branch-rate="0" complexity="0">
              <lines>
                <line number="63" hits="2658" branch="false"/>
                <line number="64" hits="2658" branch="false"/>
                <line number="65" hits="2658" branch="false"/>
                <line number="66" hits="2658" branch="false"/>
                <line number="67" hits="2658" branch="false"/>
                <line number="68" hits="2658" branch="false"/>
                <line number="69" hits="2658" branch="false"/>
                <line number="70" hits="2658" branch="false"/>
                <line number="71" hits="2658" branch="false"/>
                <line number="72" hits="2658" branch="false"/>
                <line number="73" hits="2658" branch="false"/>
                <line number="74" hits="2658" branch="false"/>
                <line number="75" hits="2658" branch="false"/>
                <line number="76" hits="2658" branch="false"/>
                <line number="77" hits="2658" branch="false"/>
                <line number="78" hits="2658" branch="false"/>
                <line number="80" hits="2658" branch="false"/>
              </lines>
            </method>
            <method name="solve_c_parametric" signature="" line-rate="1" branch-rate="0" complexity="0">
              <lines>
                <line number="91" hits="930" branch="false"/>
                <line number="92" hits="930" branch="false"/>
                <line number="93" hits="930" branch="false"/>
                <line number="94" hits="930" branch="false"/>
                <line number="95" hits="930" branch="false"/>
                <line number="96" hits="930" branch="false"/>
                <line number="97" hits="930" branch="false"/>
                <line number="102" hits="930" branch="false"/>
                <line number="103" hits="930" branch="false"/>
                <line number="104" hits="930" branch="false"/>
                <line number="105" hits="930" branch="false"/>
                <line number="106" hits="930" branch="false"/>
                <line number="107" hits="930" branch="false"/>
                <line number="108" hits="930" branch="false"/>
                <line number="109" hits="930" branch="false"/>
                <line number="110" hits="930" branch="false"/>
                <line number="113" hits="930" branch="false"/>
              </lines>
            </method>
            <method name="adjust_weights_parametric_util" signature="" line-rate="1" branch-rate="0" complexity="0">
              <lines>
                <line number="129" hits="16" branch="false"/>
                <line number="130" hits="16" branch="false"/>
                <line number="131" hits="16" branch="false"/>
                <line number="132" hits="16" branch="false"/>
                <line number="133" hits="16" branch="false"/>
                <line number="135" hits="16" branch="false"/>
                <line number="136" hits="14" branch="false"/>
                <line number="137" hits="826" branch="false"/>
                <line number="138" hits="826" branch="false"/>
                <line number="140" hits="826" branch="false"/>
                <line number="141" hits="826" branch="false"/>
                <line number="142" hits="826" branch="false"/>
                <line number="143" hits="826" branch="false"/>
                <line number="144" hits="826" branch="false"/>
                <line number="145" hits="826" branch="false"/>
                <line number="146" hits="826" branch="false"/>
                <line number="147" hits="826" branch="false"/>
                <line number="149" hits="826" branch="false"/>
                <line number="150" hits="826" branch="false"/>
                <line number="154" hits="16" branch="false"/>
                <line number="156" hits="16" branch="false"/>
              </lines>
            </method>
          </methods>
          <lines>
            <line number="63" hits="2658" branch="false"/>
            <line number="64" hits="2658" branch="false"/>
            <line number="65" hits="2658" branch="false"/>
            <line number="66" hits="2658" branch="false"/>
            <line number="67" hits="2658" branch="false"/>
            <line number="68" hits="2658" branch="false"/>
            <line number="69" hits="2658" branch="false"/>
            <line number="70" hits="2658" branch="false"/>
            <line number="71" hits="2658" branch="false"/>
            <line number="72" hits="2658" branch="false"/>
            <line number="73" hits="2658" branch="false"/>
            <line number="74" hits="2658" branch="false"/>
            <line number="75" hits="2658" branch="false"/>
            <line number="76" hits="2658" branch="false"/>
            <line number="77" hits="2658" branch="false"/>
            <line number="78" hits="2658" branch="false"/>
            <line number="80" hits="2658" branch="false"/>
            <line number="91" hits="930" branch="false"/>
            <line number="92" hits="930" branch="false"/>
            <line number="93" hits="930" branch="false"/>
            <line number="94" hits="930" branch="false"/>
            <line number="95" hits="930" branch="false"/>
            <line number="96" hits="930" branch="false"/>
            <line number="97" hits="930" branch="false"/>
            <line number="102" hits="930" branch="false"/>
            <line number="103" hits="930" branch="false"/>
            <line number="104" hits="930" branch="false"/>
            <line number="105" hits="930" branch="false"/>
            <line number="106" hits="930" branch="false"/>
            <line number="107" hits="930" branch="false"/>
            <line number="108" hits="930" branch="false"/>
            <line number="109" hits="930" branch="false"/>
            <line number="110" hits="930" branch="false"/>
            <line number="113" hits="930" branch="false"/>
            <line number="129" hits="16" branch="false"/>
            <line number="130" hits="16" branch="false"/>
            <line number="131" hits="16" branch="false"/>
            <line number="132" hits="16" branch="false"/>
            <line number="133" hits="16" branch="false"/>
            <line number="135" hits="16" branch="false"/>
            <line number="136" hits="14" branch="false"/>
            <line number="137" hits="826" branch="false"/>
            <line number="138" hits="826" branch="false"/>
            <line number="140" hits="826" branch="false"/>
            <line number="141" hits="826" branch="false"/>
            <line number="142" hits="826" branch="false"/>
            <line number="143" hits="826" branch="false"/>
            <line number="144" hits="826" branch="false"/>
            <line number="145" hits="826" branch="false"/>
            <line number="146" hits="826" branch="false"/>
            <line number="147" hits="826" branch="false"/>
            <line number="149" hits="826" branch="false"/>
            <line number="150" hits="826" branch="false"/>
            <line number="154" hits="16" branch="false"/>
            <line number="156" hits="16" branch="false"/>
          </lines>
        </class>
        <class name="adjust_weights.R" filename="R/adjust_weights.R" line-rate="1" branch-rate="0" complexity="0">
          <methods>
            <method name="adjust_weights_parametric" signature="" line-rate="1" branch-rate="0" complexity="0">
              <lines>
                <line number="96" hits="1" branch="false"/>
                <line number="97" hits="1" branch="false"/>
                <line number="98" hits="1" branch="false"/>
                <line number="99" hits="2" branch="false"/>
                <line number="100" hits="2" branch="false"/>
                <line number="102" hits="1" branch="false"/>
                <line number="103" hits="1" branch="false"/>
                <line number="106" hits="1" branch="false"/>
                <line number="107" hits="1" branch="false"/>
                <line number="108" hits="1" branch="false"/>
                <line number="109" hits="1" branch="false"/>
                <line number="110" hits="1" branch="false"/>
                <line number="111" hits="1" branch="false"/>
                <line number="112" hits="1" branch="false"/>
                <line number="113" hits="1" branch="false"/>
                <line number="115" hits="1" branch="false"/>
              </lines>
            </method>
            <method name="adjust_weights_simes" signature="" line-rate="1" branch-rate="0" complexity="0">
              <lines>
                <line number="135" hits="311532" branch="false"/>
                <line number="136" hits="311532" branch="false"/>
                <line number="138" hits="311532" branch="false"/>
                <line number="140" hits="311532" branch="false"/>
                <line number="141" hits="311532" branch="false"/>
                <line number="142" hits="431534" branch="false"/>
                <line number="143" hits="431534" branch="false"/>
                <line number="144" hits="431534" branch="false"/>
                <line number="145" hits="431534" branch="false"/>
                <line number="148" hits="311532" branch="false"/>
                <line number="150" hits="311532" branch="false"/>
              </lines>
            </method>
            <method name="adjust_weights_hochberg" signature="" line-rate="1" branch-rate="0" complexity="0">
              <lines>
                <line number="174" hits="2" branch="false"/>
                <line number="176" hits="2" branch="false"/>
                <line number="178" hits="2" branch="false"/>
                <line number="179" hits="2" branch="false"/>
                <line number="181" hits="2" branch="false"/>
                <line number="182" hits="2" branch="false"/>
                <line number="183" hits="2" branch="false"/>
                <line number="184" hits="4" branch="false"/>
                <line number="185" hits="4" branch="false"/>
                <line number="187" hits="4" branch="false"/>
                <line number="189" hits="4" branch="false"/>
                <line number="191" hits="4" branch="false"/>
                <line number="192" hits="4" branch="false"/>
                <line number="194" hits="4" branch="false"/>
                <line number="195" hits="4" branch="false"/>
                <line number="196" hits="4" branch="false"/>
                <line number="197" hits="4" branch="false"/>
                <line number="198" hits="4" branch="false"/>
                <line number="200" hits="4" branch="false"/>
                <line number="201" hits="4" branch="false"/>
                <line number="204" hits="2" branch="false"/>
                <line number="206" hits="2" branch="false"/>
              </lines>
            </method>
          </methods>
          <lines>
            <line number="96" hits="1" branch="false"/>
            <line number="97" hits="1" branch="false"/>
            <line number="98" hits="1" branch="false"/>
            <line number="99" hits="2" branch="false"/>
            <line number="100" hits="2" branch="false"/>
            <line number="102" hits="1" branch="false"/>
            <line number="103" hits="1" branch="false"/>
            <line number="106" hits="1" branch="false"/>
            <line number="107" hits="1" branch="false"/>
            <line number="108" hits="1" branch="false"/>
            <line number="109" hits="1" branch="false"/>
            <line number="110" hits="1" branch="false"/>
            <line number="111" hits="1" branch="false"/>
            <line number="112" hits="1" branch="false"/>
            <line number="113" hits="1" branch="false"/>
            <line number="115" hits="1" branch="false"/>
            <line number="135" hits="311532" branch="false"/>
            <line number="136" hits="311532" branch="false"/>
            <line number="138" hits="311532" branch="false"/>
            <line number="140" hits="311532" branch="false"/>
            <line number="141" hits="311532" branch="false"/>
            <line number="142" hits="431534" branch="false"/>
            <line number="143" hits="431534" branch="false"/>
            <line number="144" hits="431534" branch="false"/>
            <line number="145" hits="431534" branch="false"/>
            <line number="148" hits="311532" branch="false"/>
            <line number="150" hits="311532" branch="false"/>
            <line number="174" hits="2" branch="false"/>
            <line number="176" hits="2" branch="false"/>
            <line number="178" hits="2" branch="false"/>
            <line number="179" hits="2" branch="false"/>
            <line number="181" hits="2" branch="false"/>
            <line number="182" hits="2" branch="false"/>
            <line number="183" hits="2" branch="false"/>
            <line number="184" hits="4" branch="false"/>
            <line number="185" hits="4" branch="false"/>
            <line number="187" hits="4" branch="false"/>
            <line number="189" hits="4" branch="false"/>
            <line number="191" hits="4" branch="false"/>
            <line number="192" hits="4" branch="false"/>
            <line number="194" hits="4" branch="false"/>
            <line number="195" hits="4" branch="false"/>
            <line number="196" hits="4" branch="false"/>
            <line number="197" hits="4" branch="false"/>
            <line number="198" hits="4" branch="false"/>
            <line number="200" hits="4" branch="false"/>
            <line number="201" hits="4" branch="false"/>
            <line number="204" hits="2" branch="false"/>
            <line number="206" hits="2" branch="false"/>
          </lines>
        </class>
        <class name="as_graph.R" filename="R/as_graph.R" line-rate="0.945945945945946" branch-rate="0" complexity="0">
          <methods>
            <method name="as_initial_graph" signature="" line-rate="1" branch-rate="0" complexity="0">
              <lines>
                <line number="54" hits="2" branch="false"/>
              </lines>
            </method>
            <method name="as_initial_graph.graphMCP" signature="" line-rate="1" branch-rate="0" complexity="0">
              <lines>
                <line number="60" hits="1" branch="false"/>
              </lines>
            </method>
            <method name="as_initial_graph.igraph" signature="" line-rate="1" branch-rate="0" complexity="0">
              <lines>
                <line number="66" hits="1" branch="false"/>
                <line number="67" hits="1" branch="false"/>
                <line number="69" hits="1" branch="false"/>
                <line number="70" hits="1" branch="false"/>
                <line number="72" hits="1" branch="false"/>
                <line number="73" hits="11" branch="false"/>
                <line number="76" hits="1" branch="false"/>
              </lines>
            </method>
            <method name="as_graphMCP" signature="" line-rate="1" branch-rate="0" complexity="0">
              <lines>
                <line number="82" hits="2" branch="false"/>
              </lines>
            </method>
            <method name="as_graphMCP.initial_graph" signature="" line-rate="0.666666666666667" branch-rate="0" complexity="0">
              <lines>
                <line number="88" hits="2" branch="false"/>
                <line number="89" hits="0" branch="false"/>
                <line number="91" hits="2" branch="false"/>
              </lines>
            </method>
            <method name="as_igraph" signature="" line-rate="1" branch-rate="0" complexity="0">
              <lines>
                <line number="98" hits="3" branch="false"/>
              </lines>
            </method>
            <method name="as_igraph.initial_graph" signature="" line-rate="0.956521739130435" branch-rate="0" complexity="0">
              <lines>
                <line number="104" hits="3" branch="false"/>
                <line number="105" hits="0" branch="false"/>
                <line number="107" hits="3" branch="false"/>
                <line number="108" hits="3" branch="false"/>
                <line number="110" hits="3" branch="false"/>
                <line number="112" hits="3" branch="false"/>
                <line number="113" hits="3" branch="false"/>
                <line number="114" hits="3" branch="false"/>
                <line number="115" hits="3" branch="false"/>
                <line number="116" hits="3" branch="false"/>
                <line number="117" hits="3" branch="false"/>
                <line number="119" hits="3" branch="false"/>
                <line number="120" hits="3" branch="false"/>
                <line number="121" hits="3" branch="false"/>
                <line number="123" hits="3" branch="false"/>
                <line number="124" hits="3" branch="false"/>
                <line number="126" hits="3" branch="false"/>
                <line number="128" hits="3" branch="false"/>
                <line number="129" hits="3" branch="false"/>
                <line number="130" hits="3" branch="false"/>
                <line number="131" hits="3" branch="false"/>
                <line number="132" hits="3" branch="false"/>
                <line number="134" hits="3" branch="false"/>
              </lines>
            </method>
          </methods>
          <lines>
            <line number="54" hits="2" branch="false"/>
            <line number="60" hits="1" branch="false"/>
            <line number="66" hits="1" branch="false"/>
            <line number="67" hits="1" branch="false"/>
            <line number="69" hits="1" branch="false"/>
            <line number="70" hits="1" branch="false"/>
            <line number="72" hits="1" branch="false"/>
            <line number="73" hits="11" branch="false"/>
            <line number="76" hits="1" branch="false"/>
            <line number="82" hits="2" branch="false"/>
            <line number="88" hits="2" branch="false"/>
            <line number="89" hits="0" branch="false"/>
            <line number="91" hits="2" branch="false"/>
            <line number="98" hits="3" branch="false"/>
            <line number="104" hits="3" branch="false"/>
            <line number="105" hits="0" branch="false"/>
            <line number="107" hits="3" branch="false"/>
            <line number="108" hits="3" branch="false"/>
            <line number="110" hits="3" branch="false"/>
            <line number="112" hits="3" branch="false"/>
            <line number="113" hits="3" branch="false"/>
            <line number="114" hits="3" branch="false"/>
            <line number="115" hits="3" branch="false"/>
            <line number="116" hits="3" branch="false"/>
            <line number="117" hits="3" branch="false"/>
            <line number="119" hits="3" branch="false"/>
            <line number="120" hits="3" branch="false"/>
            <line number="121" hits="3" branch="false"/>
            <line number="123" hits="3" branch="false"/>
            <line number="124" hits="3" branch="false"/>
            <line number="126" hits="3" branch="false"/>
            <line number="128" hits="3" branch="false"/>
            <line number="129" hits="3" branch="false"/>
            <line number="130" hits="3" branch="false"/>
            <line number="131" hits="3" branch="false"/>
            <line number="132" hits="3" branch="false"/>
            <line number="134" hits="3" branch="false"/>
          </lines>
        </class>
        <class name="edge_pairs.R" filename="R/edge_pairs.R" line-rate="0.909090909090909" branch-rate="0" complexity="0">
          <methods>
            <method name="edge_pairs" signature="" line-rate="0.909090909090909" branch-rate="0" complexity="0">
              <lines>
                <line number="17" hits="3" branch="false"/>
                <line number="19" hits="3" branch="false"/>
                <line number="21" hits="3" branch="false"/>
                <line number="23" hits="3" branch="false"/>
                <line number="24" hits="3" branch="false"/>
                <line number="25" hits="3" branch="false"/>
                <line number="26" hits="3" branch="false"/>
                <line number="27" hits="3" branch="false"/>
                <line number="28" hits="3" branch="false"/>
                <line number="29" hits="3" branch="false"/>
                <line number="31" hits="0" branch="false"/>
              </lines>
            </method>
          </methods>
          <lines>
            <line number="17" hits="3" branch="false"/>
            <line number="19" hits="3" branch="false"/>
            <line number="21" hits="3" branch="false"/>
            <line number="23" hits="3" branch="false"/>
            <line number="24" hits="3" branch="false"/>
            <line number="25" hits="3" branch="false"/>
            <line number="26" hits="3" branch="false"/>
            <line number="27" hits="3" branch="false"/>
            <line number="28" hits="3" branch="false"/>
            <line number="29" hits="3" branch="false"/>
            <line number="31" hits="0" branch="false"/>
          </lines>
        </class>
        <class name="example_graphs.R" filename="R/example_graphs.R" line-rate="0.917127071823204" branch-rate="0" complexity="0">
          <methods>
            <method name="bonferroni" signature="" line-rate="1" branch-rate="0" complexity="0">
              <lines>
                <line number="77" hits="2" branch="false"/>
                <line number="78" hits="2" branch="false"/>
                <line number="79" hits="2" branch="false"/>
                <line number="80" hits="2" branch="false"/>
                <line number="81" hits="2" branch="false"/>
                <line number="82" hits="2" branch="false"/>
                <line number="84" hits="2" branch="false"/>
              </lines>
            </method>
            <method name="bonferroni_weighted" signature="" line-rate="1" branch-rate="0" complexity="0">
              <lines>
                <line number="94" hits="1" branch="false"/>
                <line number="95" hits="1" branch="false"/>
                <line number="96" hits="1" branch="false"/>
                <line number="97" hits="1" branch="false"/>
                <line number="98" hits="1" branch="false"/>
                <line number="99" hits="1" branch="false"/>
                <line number="101" hits="1" branch="false"/>
              </lines>
            </method>
            <method name="bonferroni_holm" signature="" line-rate="1" branch-rate="0" complexity="0">
              <lines>
                <line number="110" hits="10" branch="false"/>
                <line number="111" hits="10" branch="false"/>
                <line number="112" hits="10" branch="false"/>
                <line number="113" hits="10" branch="false"/>
                <line number="114" hits="10" branch="false"/>
                <line number="115" hits="10" branch="false"/>
                <line number="116" hits="10" branch="false"/>
                <line number="118" hits="10" branch="false"/>
              </lines>
            </method>
            <method name="bonferroni_holm_weighted" signature="" line-rate="1" branch-rate="0" complexity="0">
              <lines>
                <line number="128" hits="1" branch="false"/>
                <line number="129" hits="1" branch="false"/>
                <line number="130" hits="1" branch="false"/>
                <line number="131" hits="1" branch="false"/>
                <line number="132" hits="1" branch="false"/>
                <line number="133" hits="1" branch="false"/>
                <line number="134" hits="1" branch="false"/>
                <line number="136" hits="1" branch="false"/>
              </lines>
            </method>
            <method name="dunnett_single_step" signature="" line-rate="1" branch-rate="0" complexity="0">
              <lines>
                <line number="145" hits="1" branch="false"/>
                <line number="146" hits="1" branch="false"/>
                <line number="147" hits="1" branch="false"/>
                <line number="148" hits="1" branch="false"/>
                <line number="149" hits="1" branch="false"/>
                <line number="150" hits="1" branch="false"/>
                <line number="152" hits="1" branch="false"/>
              </lines>
            </method>
            <method name="dunnett_single_step_weighted" signature="" line-rate="1" branch-rate="0" complexity="0">
              <lines>
                <line number="162" hits="1" branch="false"/>
                <line number="163" hits="1" branch="false"/>
                <line number="164" hits="1" branch="false"/>
                <line number="165" hits="1" branch="false"/>
                <line number="166" hits="1" branch="false"/>
                <line number="167" hits="1" branch="false"/>
                <line number="169" hits="1" branch="false"/>
              </lines>
            </method>
            <method name="dunnett_closure_weighted" signature="" line-rate="1" branch-rate="0" complexity="0">
              <lines>
                <line number="179" hits="1" branch="false"/>
                <line number="180" hits="1" branch="false"/>
                <line number="181" hits="1" branch="false"/>
                <line number="182" hits="1" branch="false"/>
                <line number="183" hits="1" branch="false"/>
                <line number="184" hits="1" branch="false"/>
                <line number="185" hits="1" branch="false"/>
                <line number="187" hits="1" branch="false"/>
              </lines>
            </method>
            <method name="hochberg" signature="" line-rate="1" branch-rate="0" complexity="0">
              <lines>
                <line number="196" hits="1" branch="false"/>
                <line number="197" hits="1" branch="false"/>
                <line number="198" hits="1" branch="false"/>
                <line number="199" hits="1" branch="false"/>
                <line number="200" hits="1" branch="false"/>
                <line number="201" hits="1" branch="false"/>
                <line number="202" hits="1" branch="false"/>
                <line number="204" hits="1" branch="false"/>
              </lines>
            </method>
            <method name="hommel" signature="" line-rate="1" branch-rate="0" complexity="0">
              <lines>
                <line number="213" hits="1" branch="false"/>
                <line number="214" hits="1" branch="false"/>
                <line number="215" hits="1" branch="false"/>
                <line number="216" hits="1" branch="false"/>
                <line number="217" hits="1" branch="false"/>
                <line number="218" hits="1" branch="false"/>
                <line number="219" hits="1" branch="false"/>
                <line number="221" hits="1" branch="false"/>
              </lines>
            </method>
            <method name="huque_etal" signature="" line-rate="1" branch-rate="0" complexity="0">
              <lines>
                <line number="230" hits="1" branch="false"/>
                <line number="231" hits="1" branch="false"/>
                <line number="232" hits="1" branch="false"/>
                <line number="233" hits="1" branch="false"/>
                <line number="234" hits="1" branch="false"/>
                <line number="235" hits="1" branch="false"/>
                <line number="236" hits="1" branch="false"/>
                <line number="237" hits="1" branch="false"/>
                <line number="238" hits="1" branch="false"/>
                <line number="239" hits="1" branch="false"/>
                <line number="240" hits="1" branch="false"/>
                <line number="241" hits="1" branch="false"/>
                <line number="242" hits="1" branch="false"/>
                <line number="243" hits="1" branch="false"/>
              </lines>
            </method>
            <method name="fallback" signature="" line-rate="1" branch-rate="0" complexity="0">
              <lines>
                <line number="253" hits="2" branch="false"/>
                <line number="254" hits="2" branch="false"/>
                <line number="255" hits="2" branch="false"/>
                <line number="256" hits="2" branch="false"/>
                <line number="257" hits="2" branch="false"/>
                <line number="258" hits="2" branch="false"/>
                <line number="259" hits="2" branch="false"/>
                <line number="260" hits="4" branch="false"/>
                <line number="263" hits="2" branch="false"/>
              </lines>
            </method>
            <method name="fallback_improved_1" signature="" line-rate="1" branch-rate="0" complexity="0">
              <lines>
                <line number="273" hits="2" branch="false"/>
                <line number="274" hits="2" branch="false"/>
                <line number="275" hits="2" branch="false"/>
                <line number="276" hits="2" branch="false"/>
                <line number="277" hits="2" branch="false"/>
                <line number="278" hits="2" branch="false"/>
                <line number="279" hits="2" branch="false"/>
                <line number="280" hits="2" branch="false"/>
                <line number="281" hits="2" branch="false"/>
                <line number="282" hits="4" branch="false"/>
                <line number="284" hits="2" branch="false"/>
                <line number="285" hits="2" branch="false"/>
                <line number="287" hits="2" branch="false"/>
              </lines>
            </method>
            <method name="fallback_improved_2" signature="" line-rate="0.928571428571429" branch-rate="0" complexity="0">
              <lines>
                <line number="297" hits="1" branch="false"/>
                <line number="298" hits="1" branch="false"/>
                <line number="299" hits="1" branch="false"/>
                <line number="300" hits="1" branch="false"/>
                <line number="301" hits="1" branch="false"/>
                <line number="302" hits="1" branch="false"/>
                <line number="303" hits="1" branch="false"/>
                <line number="304" hits="0" branch="false"/>
                <line number="305" hits="1" branch="false"/>
                <line number="306" hits="1" branch="false"/>
                <line number="307" hits="1" branch="false"/>
                <line number="308" hits="1" branch="false"/>
                <line number="309" hits="1" branch="false"/>
                <line number="313" hits="1" branch="false"/>
              </lines>
            </method>
            <method name="fixed_sequence" signature="" line-rate="1" branch-rate="0" complexity="0">
              <lines>
                <line number="322" hits="2" branch="false"/>
                <line number="323" hits="2" branch="false"/>
                <line number="324" hits="2" branch="false"/>
                <line number="325" hits="5" branch="false"/>
                <line number="328" hits="2" branch="false"/>
              </lines>
            </method>
            <method name="sidak" signature="" line-rate="1" branch-rate="0" complexity="0">
              <lines>
                <line number="338" hits="1" branch="false"/>
                <line number="339" hits="1" branch="false"/>
                <line number="340" hits="1" branch="false"/>
                <line number="341" hits="1" branch="false"/>
                <line number="342" hits="1" branch="false"/>
                <line number="343" hits="1" branch="false"/>
                <line number="345" hits="1" branch="false"/>
              </lines>
            </method>
            <method name="simple_successive_1" signature="" line-rate="1" branch-rate="0" complexity="0">
              <lines>
                <line number="354" hits="29" branch="false"/>
                <line number="355" hits="29" branch="false"/>
                <line number="356" hits="29" branch="false"/>
                <line number="357" hits="29" branch="false"/>
                <line number="358" hits="29" branch="false"/>
                <line number="359" hits="29" branch="false"/>
                <line number="360" hits="29" branch="false"/>
                <line number="362" hits="29" branch="false"/>
              </lines>
            </method>
            <method name="simple_successive_2" signature="" line-rate="1" branch-rate="0" complexity="0">
              <lines>
                <line number="371" hits="2" branch="false"/>
                <line number="372" hits="2" branch="false"/>
                <line number="373" hits="2" branch="false"/>
                <line number="374" hits="2" branch="false"/>
                <line number="375" hits="2" branch="false"/>
                <line number="376" hits="2" branch="false"/>
                <line number="377" hits="2" branch="false"/>
                <line number="379" hits="2" branch="false"/>
              </lines>
            </method>
            <method name="two_doses_two_primary_two_secondary" signature="" line-rate="1" branch-rate="0" complexity="0">
              <lines>
                <line number="388" hits="2" branch="false"/>
                <line number="389" hits="2" branch="false"/>
                <line number="390" hits="2" branch="false"/>
                <line number="391" hits="2" branch="false"/>
                <line number="392" hits="2" branch="false"/>
                <line number="393" hits="2" branch="false"/>
                <line number="394" hits="2" branch="false"/>
                <line number="395" hits="2" branch="false"/>
                <line number="396" hits="2" branch="false"/>
                <line number="397" hits="2" branch="false"/>
                <line number="399" hits="2" branch="false"/>
              </lines>
            </method>
            <method name="three_doses_two_primary_two_secondary" signature="" line-rate="0" branch-rate="0" complexity="0">
              <lines>
                <line number="408" hits="0" branch="false"/>
                <line number="409" hits="0" branch="false"/>
                <line number="410" hits="0" branch="false"/>
                <line number="411" hits="0" branch="false"/>
                <line number="412" hits="0" branch="false"/>
                <line number="413" hits="0" branch="false"/>
                <line number="414" hits="0" branch="false"/>
                <line number="415" hits="0" branch="false"/>
                <line number="416" hits="0" branch="false"/>
                <line number="417" hits="0" branch="false"/>
                <line number="418" hits="0" branch="false"/>
                <line number="419" hits="0" branch="false"/>
                <line number="420" hits="0" branch="false"/>
                <line number="422" hits="0" branch="false"/>
              </lines>
            </method>
            <method name="random_graph" signature="" line-rate="1" branch-rate="0" complexity="0">
              <lines>
                <line number="431" hits="20" branch="false"/>
                <line number="432" hits="20" branch="false"/>
                <line number="433" hits="20" branch="false"/>
                <line number="434" hits="20" branch="false"/>
                <line number="435" hits="20" branch="false"/>
                <line number="436" hits="20" branch="false"/>
                <line number="437" hits="20" branch="false"/>
                <line number="438" hits="20" branch="false"/>
                <line number="439" hits="20" branch="false"/>
                <line number="441" hits="20" branch="false"/>
              </lines>
            </method>
          </methods>
          <lines>
            <line number="77" hits="2" branch="false"/>
            <line number="78" hits="2" branch="false"/>
            <line number="79" hits="2" branch="false"/>
            <line number="80" hits="2" branch="false"/>
            <line number="81" hits="2" branch="false"/>
            <line number="82" hits="2" branch="false"/>
            <line number="84" hits="2" branch="false"/>
            <line number="94" hits="1" branch="false"/>
            <line number="95" hits="1" branch="false"/>
            <line number="96" hits="1" branch="false"/>
            <line number="97" hits="1" branch="false"/>
            <line number="98" hits="1" branch="false"/>
            <line number="99" hits="1" branch="false"/>
            <line number="101" hits="1" branch="false"/>
            <line number="110" hits="10" branch="false"/>
            <line number="111" hits="10" branch="false"/>
            <line number="112" hits="10" branch="false"/>
            <line number="113" hits="10" branch="false"/>
            <line number="114" hits="10" branch="false"/>
            <line number="115" hits="10" branch="false"/>
            <line number="116" hits="10" branch="false"/>
            <line number="118" hits="10" branch="false"/>
            <line number="128" hits="1" branch="false"/>
            <line number="129" hits="1" branch="false"/>
            <line number="130" hits="1" branch="false"/>
            <line number="131" hits="1" branch="false"/>
            <line number="132" hits="1" branch="false"/>
            <line number="133" hits="1" branch="false"/>
            <line number="134" hits="1" branch="false"/>
            <line number="136" hits="1" branch="false"/>
            <line number="145" hits="1" branch="false"/>
            <line number="146" hits="1" branch="false"/>
            <line number="147" hits="1" branch="false"/>
            <line number="148" hits="1" branch="false"/>
            <line number="149" hits="1" branch="false"/>
            <line number="150" hits="1" branch="false"/>
            <line number="152" hits="1" branch="false"/>
            <line number="162" hits="1" branch="false"/>
            <line number="163" hits="1" branch="false"/>
            <line number="164" hits="1" branch="false"/>
            <line number="165" hits="1" branch="false"/>
            <line number="166" hits="1" branch="false"/>
            <line number="167" hits="1" branch="false"/>
            <line number="169" hits="1" branch="false"/>
            <line number="179" hits="1" branch="false"/>
            <line number="180" hits="1" branch="false"/>
            <line number="181" hits="1" branch="false"/>
            <line number="182" hits="1" branch="false"/>
            <line number="183" hits="1" branch="false"/>
            <line number="184" hits="1" branch="false"/>
            <line number="185" hits="1" branch="false"/>
            <line number="187" hits="1" branch="false"/>
            <line number="196" hits="1" branch="false"/>
            <line number="197" hits="1" branch="false"/>
            <line number="198" hits="1" branch="false"/>
            <line number="199" hits="1" branch="false"/>
            <line number="200" hits="1" branch="false"/>
            <line number="201" hits="1" branch="false"/>
            <line number="202" hits="1" branch="false"/>
            <line number="204" hits="1" branch="false"/>
            <line number="213" hits="1" branch="false"/>
            <line number="214" hits="1" branch="false"/>
            <line number="215" hits="1" branch="false"/>
            <line number="216" hits="1" branch="false"/>
            <line number="217" hits="1" branch="false"/>
            <line number="218" hits="1" branch="false"/>
            <line number="219" hits="1" branch="false"/>
            <line number="221" hits="1" branch="false"/>
            <line number="230" hits="1" branch="false"/>
            <line number="231" hits="1" branch="false"/>
            <line number="232" hits="1" branch="false"/>
            <line number="233" hits="1" branch="false"/>
            <line number="234" hits="1" branch="false"/>
            <line number="235" hits="1" branch="false"/>
            <line number="236" hits="1" branch="false"/>
            <line number="237" hits="1" branch="false"/>
            <line number="238" hits="1" branch="false"/>
            <line number="239" hits="1" branch="false"/>
            <line number="240" hits="1" branch="false"/>
            <line number="241" hits="1" branch="false"/>
            <line number="242" hits="1" branch="false"/>
            <line number="243" hits="1" branch="false"/>
            <line number="253" hits="2" branch="false"/>
            <line number="254" hits="2" branch="false"/>
            <line number="255" hits="2" branch="false"/>
            <line number="256" hits="2" branch="false"/>
            <line number="257" hits="2" branch="false"/>
            <line number="258" hits="2" branch="false"/>
            <line number="259" hits="2" branch="false"/>
            <line number="260" hits="4" branch="false"/>
            <line number="263" hits="2" branch="false"/>
            <line number="273" hits="2" branch="false"/>
            <line number="274" hits="2" branch="false"/>
            <line number="275" hits="2" branch="false"/>
            <line number="276" hits="2" branch="false"/>
            <line number="277" hits="2" branch="false"/>
            <line number="278" hits="2" branch="false"/>
            <line number="279" hits="2" branch="false"/>
            <line number="280" hits="2" branch="false"/>
            <line number="281" hits="2" branch="false"/>
            <line number="282" hits="4" branch="false"/>
            <line number="284" hits="2" branch="false"/>
            <line number="285" hits="2" branch="false"/>
            <line number="287" hits="2" branch="false"/>
            <line number="297" hits="1" branch="false"/>
            <line number="298" hits="1" branch="false"/>
            <line number="299" hits="1" branch="false"/>
            <line number="300" hits="1" branch="false"/>
            <line number="301" hits="1" branch="false"/>
            <line number="302" hits="1" branch="false"/>
            <line number="303" hits="1" branch="false"/>
            <line number="304" hits="0" branch="false"/>
            <line number="305" hits="1" branch="false"/>
            <line number="306" hits="1" branch="false"/>
            <line number="307" hits="1" branch="false"/>
            <line number="308" hits="1" branch="false"/>
            <line number="309" hits="1" branch="false"/>
            <line number="313" hits="1" branch="false"/>
            <line number="322" hits="2" branch="false"/>
            <line number="323" hits="2" branch="false"/>
            <line number="324" hits="2" branch="false"/>
            <line number="325" hits="5" branch="false"/>
            <line number="328" hits="2" branch="false"/>
            <line number="338" hits="1" branch="false"/>
            <line number="339" hits="1" branch="false"/>
            <line number="340" hits="1" branch="false"/>
            <line number="341" hits="1" branch="false"/>
            <line number="342" hits="1" branch="false"/>
            <line number="343" hits="1" branch="false"/>
            <line number="345" hits="1" branch="false"/>
            <line number="354" hits="29" branch="false"/>
            <line number="355" hits="29" branch="false"/>
            <line number="356" hits="29" branch="false"/>
            <line number="357" hits="29" branch="false"/>
            <line number="358" hits="29" branch="false"/>
            <line number="359" hits="29" branch="false"/>
            <line number="360" hits="29" branch="false"/>
            <line number="362" hits="29" branch="false"/>
            <line number="371" hits="2" branch="false"/>
            <line number="372" hits="2" branch="false"/>
            <line number="373" hits="2" branch="false"/>
            <line number="374" hits="2" branch="false"/>
            <line number="375" hits="2" branch="false"/>
            <line number="376" hits="2" branch="false"/>
            <line number="377" hits="2" branch="false"/>
            <line number="379" hits="2" branch="false"/>
            <line number="388" hits="2" branch="false"/>
            <line number="389" hits="2" branch="false"/>
            <line number="390" hits="2" branch="false"/>
            <line number="391" hits="2" branch="false"/>
            <line number="392" hits="2" branch="false"/>
            <line number="393" hits="2" branch="false"/>
            <line number="394" hits="2" branch="false"/>
            <line number="395" hits="2" branch="false"/>
            <line number="396" hits="2" branch="false"/>
            <line number="397" hits="2" branch="false"/>
            <line number="399" hits="2" branch="false"/>
            <line number="408" hits="0" branch="false"/>
            <line number="409" hits="0" branch="false"/>
            <line number="410" hits="0" branch="false"/>
            <line number="411" hits="0" branch="false"/>
            <line number="412" hits="0" branch="false"/>
            <line number="413" hits="0" branch="false"/>
            <line number="414" hits="0" branch="false"/>
            <line number="415" hits="0" branch="false"/>
            <line number="416" hits="0" branch="false"/>
            <line number="417" hits="0" branch="false"/>
            <line number="418" hits="0" branch="false"/>
            <line number="419" hits="0" branch="false"/>
            <line number="420" hits="0" branch="false"/>
            <line number="422" hits="0" branch="false"/>
            <line number="431" hits="20" branch="false"/>
            <line number="432" hits="20" branch="false"/>
            <line number="433" hits="20" branch="false"/>
            <line number="434" hits="20" branch="false"/>
            <line number="435" hits="20" branch="false"/>
            <line number="436" hits="20" branch="false"/>
            <line number="437" hits="20" branch="false"/>
            <line number="438" hits="20" branch="false"/>
            <line number="439" hits="20" branch="false"/>
            <line number="441" hits="20" branch="false"/>
          </lines>
        </class>
        <class name="graph_calculate_power.R" filename="R/graph_calculate_power.R" line-rate="0.965714285714286" branch-rate="0" complexity="0">
          <methods>
            <method name="graph_calculate_power" signature="" line-rate="0.965714285714286" branch-rate="0" complexity="0">
              <lines>
                <line number="176" hits="29" branch="false"/>
                <line number="177" hits="29" branch="false"/>
                <line number="178" hits="29" branch="false"/>
                <line number="179" hits="29" branch="false"/>
                <line number="180" hits="29" branch="false"/>
                <line number="181" hits="29" branch="false"/>
                <line number="182" hits="29" branch="false"/>
                <line number="183" hits="29" branch="false"/>
                <line number="184" hits="29" branch="false"/>
                <line number="185" hits="29" branch="false"/>
                <line number="186" hits="29" branch="false"/>
                <line number="187" hits="29" branch="false"/>
                <line number="188" hits="29" branch="false"/>
                <line number="189" hits="29" branch="false"/>
                <line number="190" hits="24" branch="false"/>
                <line number="194" hits="29" branch="false"/>
                <line number="197" hits="1" branch="false"/>
                <line number="199" hits="29" branch="false"/>
                <line number="200" hits="29" branch="false"/>
                <line number="203" hits="29" branch="false"/>
                <line number="204" hits="29" branch="false"/>
                <line number="205" hits="29" branch="false"/>
                <line number="206" hits="29" branch="false"/>
                <line number="207" hits="29" branch="false"/>
                <line number="208" hits="29" branch="false"/>
                <line number="209" hits="29" branch="false"/>
                <line number="210" hits="29" branch="false"/>
                <line number="211" hits="29" branch="false"/>
                <line number="212" hits="29" branch="false"/>
                <line number="217" hits="29" branch="false"/>
                <line number="218" hits="2" branch="false"/>
                <line number="219" hits="1" branch="false"/>
                <line number="220" hits="1" branch="false"/>
                <line number="222" hits="1" branch="false"/>
                <line number="223" hits="1" branch="false"/>
                <line number="226" hits="27" branch="false"/>
                <line number="227" hits="27" branch="false"/>
                <line number="228" hits="27" branch="false"/>
                <line number="229" hits="27" branch="false"/>
                <line number="235" hits="28" branch="false"/>
                <line number="237" hits="28" branch="false"/>
                <line number="238" hits="38" branch="false"/>
                <line number="239" hits="38" branch="false"/>
                <line number="241" hits="28" branch="false"/>
                <line number="242" hits="28" branch="false"/>
                <line number="244" hits="28" branch="false"/>
                <line number="250" hits="20" branch="false"/>
                <line number="251" hits="20" branch="false"/>
                <line number="252" hits="20" branch="false"/>
                <line number="254" hits="20" branch="false"/>
                <line number="255" hits="20" branch="false"/>
                <line number="256" hits="20" branch="false"/>
                <line number="257" hits="20" branch="false"/>
                <line number="258" hits="20" branch="false"/>
                <line number="259" hits="20" branch="false"/>
                <line number="260" hits="20" branch="false"/>
                <line number="261" hits="20" branch="false"/>
                <line number="263" hits="20" branch="false"/>
                <line number="264" hits="20" branch="false"/>
                <line number="265" hits="20" branch="false"/>
                <line number="266" hits="20" branch="false"/>
                <line number="267" hits="20" branch="false"/>
                <line number="268" hits="20" branch="false"/>
                <line number="271" hits="20" branch="false"/>
                <line number="272" hits="20" branch="false"/>
                <line number="273" hits="20" branch="false"/>
                <line number="274" hits="20" branch="false"/>
                <line number="276" hits="20" branch="false"/>
                <line number="277" hits="8" branch="false"/>
                <line number="278" hits="510105" branch="false"/>
                <line number="279" hits="510105" branch="false"/>
                <line number="280" hits="510105" branch="false"/>
                <line number="281" hits="510105" branch="false"/>
                <line number="282" hits="510105" branch="false"/>
                <line number="286" hits="12" branch="false"/>
                <line number="289" hits="12" branch="false"/>
                <line number="290" hits="12" branch="false"/>
                <line number="293" hits="12" branch="false"/>
                <line number="298" hits="12" branch="false"/>
                <line number="299" hits="12" branch="false"/>
                <line number="300" hits="12" branch="false"/>
                <line number="301" hits="12" branch="false"/>
                <line number="302" hits="12" branch="false"/>
                <line number="303" hits="12" branch="false"/>
                <line number="304" hits="12" branch="false"/>
                <line number="307" hits="12" branch="false"/>
                <line number="311" hits="12" branch="false"/>
                <line number="312" hits="12" branch="false"/>
                <line number="324" hits="12" branch="false"/>
                <line number="325" hits="12" branch="false"/>
                <line number="326" hits="12" branch="false"/>
                <line number="327" hits="12" branch="false"/>
                <line number="332" hits="12" branch="false"/>
                <line number="336" hits="12" branch="false"/>
                <line number="338" hits="12" branch="false"/>
                <line number="339" hits="12" branch="false"/>
                <line number="341" hits="12" branch="false"/>
                <line number="342" hits="12" branch="false"/>
                <line number="344" hits="12" branch="false"/>
                <line number="345" hits="12" branch="false"/>
                <line number="346" hits="12" branch="false"/>
                <line number="347" hits="12" branch="false"/>
                <line number="349" hits="12" branch="false"/>
                <line number="352" hits="12" branch="false"/>
                <line number="355" hits="431728" branch="false"/>
                <line number="356" hits="120200" branch="false"/>
                <line number="360" hits="311528" branch="false"/>
                <line number="361" hits="311528" branch="false"/>
                <line number="362" hits="311528" branch="false"/>
                <line number="363" hits="311528" branch="false"/>
                <line number="364" hits="311528" branch="false"/>
                <line number="375" hits="431728" branch="false"/>
                <line number="376" hits="431728" branch="false"/>
                <line number="378" hits="0" branch="false"/>
                <line number="379" hits="0" branch="false"/>
                <line number="380" hits="0" branch="false"/>
                <line number="381" hits="0" branch="false"/>
                <line number="382" hits="0" branch="false"/>
                <line number="383" hits="0" branch="false"/>
                <line number="390" hits="431728" branch="false"/>
                <line number="391" hits="431728" branch="false"/>
                <line number="392" hits="431728" branch="false"/>
                <line number="393" hits="431728" branch="false"/>
                <line number="394" hits="431728" branch="false"/>
                <line number="395" hits="431728" branch="false"/>
                <line number="400" hits="431728" branch="false"/>
                <line number="403" hits="431728" branch="false"/>
                <line number="404" hits="431728" branch="false"/>
                <line number="405" hits="431728" branch="false"/>
                <line number="406" hits="431728" branch="false"/>
                <line number="407" hits="431728" branch="false"/>
                <line number="408" hits="431728" branch="false"/>
                <line number="418" hits="20" branch="false"/>
                <line number="419" hits="20" branch="false"/>
                <line number="420" hits="20" branch="false"/>
                <line number="421" hits="20" branch="false"/>
                <line number="422" hits="20" branch="false"/>
                <line number="426" hits="20" branch="false"/>
                <line number="427" hits="20" branch="false"/>
                <line number="428" hits="20" branch="false"/>
                <line number="429" hits="20" branch="false"/>
                <line number="430" hits="20" branch="false"/>
                <line number="431" hits="20" branch="false"/>
                <line number="433" hits="20" branch="false"/>
                <line number="446" hits="20" branch="false"/>
                <line number="447" hits="20" branch="false"/>
                <line number="448" hits="20" branch="false"/>
                <line number="449" hits="20" branch="false"/>
                <line number="450" hits="20" branch="false"/>
                <line number="451" hits="20" branch="false"/>
                <line number="452" hits="20" branch="false"/>
                <line number="453" hits="20" branch="false"/>
                <line number="461" hits="20" branch="false"/>
                <line number="462" hits="20" branch="false"/>
                <line number="463" hits="20" branch="false"/>
                <line number="464" hits="20" branch="false"/>
                <line number="465" hits="20" branch="false"/>
                <line number="466" hits="20" branch="false"/>
                <line number="467" hits="20" branch="false"/>
                <line number="468" hits="20" branch="false"/>
                <line number="469" hits="20" branch="false"/>
                <line number="470" hits="20" branch="false"/>
                <line number="471" hits="20" branch="false"/>
                <line number="472" hits="20" branch="false"/>
                <line number="473" hits="20" branch="false"/>
                <line number="474" hits="20" branch="false"/>
                <line number="475" hits="20" branch="false"/>
                <line number="476" hits="3" branch="false"/>
                <line number="477" hits="3" branch="false"/>
                <line number="478" hits="3" branch="false"/>
                <line number="479" hits="3" branch="false"/>
                <line number="480" hits="20" branch="false"/>
                <line number="481" hits="20" branch="false"/>
                <line number="482" hits="20" branch="false"/>
                <line number="483" hits="20" branch="false"/>
              </lines>
            </method>
          </methods>
          <lines>
            <line number="176" hits="29" branch="false"/>
            <line number="177" hits="29" branch="false"/>
            <line number="178" hits="29" branch="false"/>
            <line number="179" hits="29" branch="false"/>
            <line number="180" hits="29" branch="false"/>
            <line number="181" hits="29" branch="false"/>
            <line number="182" hits="29" branch="false"/>
            <line number="183" hits="29" branch="false"/>
            <line number="184" hits="29" branch="false"/>
            <line number="185" hits="29" branch="false"/>
            <line number="186" hits="29" branch="false"/>
            <line number="187" hits="29" branch="false"/>
            <line number="188" hits="29" branch="false"/>
            <line number="189" hits="29" branch="false"/>
            <line number="190" hits="24" branch="false"/>
            <line number="194" hits="29" branch="false"/>
            <line number="197" hits="1" branch="false"/>
            <line number="199" hits="29" branch="false"/>
            <line number="200" hits="29" branch="false"/>
            <line number="203" hits="29" branch="false"/>
            <line number="204" hits="29" branch="false"/>
            <line number="205" hits="29" branch="false"/>
            <line number="206" hits="29" branch="false"/>
            <line number="207" hits="29" branch="false"/>
            <line number="208" hits="29" branch="false"/>
            <line number="209" hits="29" branch="false"/>
            <line number="210" hits="29" branch="false"/>
            <line number="211" hits="29" branch="false"/>
            <line number="212" hits="29" branch="false"/>
            <line number="217" hits="29" branch="false"/>
            <line number="218" hits="2" branch="false"/>
            <line number="219" hits="1" branch="false"/>
            <line number="220" hits="1" branch="false"/>
            <line number="222" hits="1" branch="false"/>
            <line number="223" hits="1" branch="false"/>
            <line number="226" hits="27" branch="false"/>
            <line number="227" hits="27" branch="false"/>
            <line number="228" hits="27" branch="false"/>
            <line number="229" hits="27" branch="false"/>
            <line number="235" hits="28" branch="false"/>
            <line number="237" hits="28" branch="false"/>
            <line number="238" hits="38" branch="false"/>
            <line number="239" hits="38" branch="false"/>
            <line number="241" hits="28" branch="false"/>
            <line number="242" hits="28" branch="false"/>
            <line number="244" hits="28" branch="false"/>
            <line number="250" hits="20" branch="false"/>
            <line number="251" hits="20" branch="false"/>
            <line number="252" hits="20" branch="false"/>
            <line number="254" hits="20" branch="false"/>
            <line number="255" hits="20" branch="false"/>
            <line number="256" hits="20" branch="false"/>
            <line number="257" hits="20" branch="false"/>
            <line number="258" hits="20" branch="false"/>
            <line number="259" hits="20" branch="false"/>
            <line number="260" hits="20" branch="false"/>
            <line number="261" hits="20" branch="false"/>
            <line number="263" hits="20" branch="false"/>
            <line number="264" hits="20" branch="false"/>
            <line number="265" hits="20" branch="false"/>
            <line number="266" hits="20" branch="false"/>
            <line number="267" hits="20" branch="false"/>
            <line number="268" hits="20" branch="false"/>
            <line number="271" hits="20" branch="false"/>
            <line number="272" hits="20" branch="false"/>
            <line number="273" hits="20" branch="false"/>
            <line number="274" hits="20" branch="false"/>
            <line number="276" hits="20" branch="false"/>
            <line number="277" hits="8" branch="false"/>
            <line number="278" hits="510105" branch="false"/>
            <line number="279" hits="510105" branch="false"/>
            <line number="280" hits="510105" branch="false"/>
            <line number="281" hits="510105" branch="false"/>
            <line number="282" hits="510105" branch="false"/>
            <line number="286" hits="12" branch="false"/>
            <line number="289" hits="12" branch="false"/>
            <line number="290" hits="12" branch="false"/>
            <line number="293" hits="12" branch="false"/>
            <line number="298" hits="12" branch="false"/>
            <line number="299" hits="12" branch="false"/>
            <line number="300" hits="12" branch="false"/>
            <line number="301" hits="12" branch="false"/>
            <line number="302" hits="12" branch="false"/>
            <line number="303" hits="12" branch="false"/>
            <line number="304" hits="12" branch="false"/>
            <line number="307" hits="12" branch="false"/>
            <line number="311" hits="12" branch="false"/>
            <line number="312" hits="12" branch="false"/>
            <line number="324" hits="12" branch="false"/>
            <line number="325" hits="12" branch="false"/>
            <line number="326" hits="12" branch="false"/>
            <line number="327" hits="12" branch="false"/>
            <line number="332" hits="12" branch="false"/>
            <line number="336" hits="12" branch="false"/>
            <line number="338" hits="12" branch="false"/>
            <line number="339" hits="12" branch="false"/>
            <line number="341" hits="12" branch="false"/>
            <line number="342" hits="12" branch="false"/>
            <line number="344" hits="12" branch="false"/>
            <line number="345" hits="12" branch="false"/>
            <line number="346" hits="12" branch="false"/>
            <line number="347" hits="12" branch="false"/>
            <line number="349" hits="12" branch="false"/>
            <line number="352" hits="12" branch="false"/>
            <line number="355" hits="431728" branch="false"/>
            <line number="356" hits="120200" branch="false"/>
            <line number="360" hits="311528" branch="false"/>
            <line number="361" hits="311528" branch="false"/>
            <line number="362" hits="311528" branch="false"/>
            <line number="363" hits="311528" branch="false"/>
            <line number="364" hits="311528" branch="false"/>
            <line number="375" hits="431728" branch="false"/>
            <line number="376" hits="431728" branch="false"/>
            <line number="378" hits="0" branch="false"/>
            <line number="379" hits="0" branch="false"/>
            <line number="380" hits="0" branch="false"/>
            <line number="381" hits="0" branch="false"/>
            <line number="382" hits="0" branch="false"/>
            <line number="383" hits="0" branch="false"/>
            <line number="390" hits="431728" branch="false"/>
            <line number="391" hits="431728" branch="false"/>
            <line number="392" hits="431728" branch="false"/>
            <line number="393" hits="431728" branch="false"/>
            <line number="394" hits="431728" branch="false"/>
            <line number="395" hits="431728" branch="false"/>
            <line number="400" hits="431728" branch="false"/>
            <line number="403" hits="431728" branch="false"/>
            <line number="404" hits="431728" branch="false"/>
            <line number="405" hits="431728" branch="false"/>
            <line number="406" hits="431728" branch="false"/>
            <line number="407" hits="431728" branch="false"/>
            <line number="408" hits="431728" branch="false"/>
            <line number="418" hits="20" branch="false"/>
            <line number="419" hits="20" branch="false"/>
            <line number="420" hits="20" branch="false"/>
            <line number="421" hits="20" branch="false"/>
            <line number="422" hits="20" branch="false"/>
            <line number="426" hits="20" branch="false"/>
            <line number="427" hits="20" branch="false"/>
            <line number="428" hits="20" branch="false"/>
            <line number="429" hits="20" branch="false"/>
            <line number="430" hits="20" branch="false"/>
            <line number="431" hits="20" branch="false"/>
            <line number="433" hits="20" branch="false"/>
            <line number="446" hits="20" branch="false"/>
            <line number="447" hits="20" branch="false"/>
            <line number="448" hits="20" branch="false"/>
            <line number="449" hits="20" branch="false"/>
            <line number="450" hits="20" branch="false"/>
            <line number="451" hits="20" branch="false"/>
            <line number="452" hits="20" branch="false"/>
            <line number="453" hits="20" branch="false"/>
            <line number="461" hits="20" branch="false"/>
            <line number="462" hits="20" branch="false"/>
            <line number="463" hits="20" branch="false"/>
            <line number="464" hits="20" branch="false"/>
            <line number="465" hits="20" branch="false"/>
            <line number="466" hits="20" branch="false"/>
            <line number="467" hits="20" branch="false"/>
            <line number="468" hits="20" branch="false"/>
            <line number="469" hits="20" branch="false"/>
            <line number="470" hits="20" branch="false"/>
            <line number="471" hits="20" branch="false"/>
            <line number="472" hits="20" branch="false"/>
            <line number="473" hits="20" branch="false"/>
            <line number="474" hits="20" branch="false"/>
            <line number="475" hits="20" branch="false"/>
            <line number="476" hits="3" branch="false"/>
            <line number="477" hits="3" branch="false"/>
            <line number="478" hits="3" branch="false"/>
            <line number="479" hits="3" branch="false"/>
            <line number="480" hits="20" branch="false"/>
            <line number="481" hits="20" branch="false"/>
            <line number="482" hits="20" branch="false"/>
            <line number="483" hits="20" branch="false"/>
          </lines>
        </class>
        <class name="graph_create.R" filename="R/graph_create.R" line-rate="1" branch-rate="0" complexity="0">
          <methods>
            <method name="graph_create" signature="" line-rate="1" branch-rate="0" complexity="0">
              <lines>
                <line number="121" hits="218" branch="false"/>
                <line number="122" hits="218" branch="false"/>
                <line number="123" hits="218" branch="false"/>
                <line number="124" hits="218" branch="false"/>
                <line number="127" hits="216" branch="false"/>
                <line number="128" hits="216" branch="false"/>
                <line number="129" hits="216" branch="false"/>
                <line number="130" hits="216" branch="false"/>
                <line number="131" hits="216" branch="false"/>
                <line number="133" hits="1" branch="false"/>
                <line number="134" hits="1" branch="false"/>
                <line number="138" hits="215" branch="false"/>
                <line number="140" hits="215" branch="false"/>
                <line number="141" hits="215" branch="false"/>
                <line number="142" hits="215" branch="false"/>
                <line number="143" hits="215" branch="false"/>
                <line number="144" hits="215" branch="false"/>
                <line number="146" hits="215" branch="false"/>
                <line number="147" hits="215" branch="false"/>
                <line number="148" hits="215" branch="false"/>
                <line number="149" hits="215" branch="false"/>
                <line number="150" hits="215" branch="false"/>
                <line number="152" hits="215" branch="false"/>
                <line number="153" hits="1" branch="false"/>
                <line number="154" hits="1" branch="false"/>
                <line number="155" hits="214" branch="false"/>
                <line number="156" hits="1" branch="false"/>
                <line number="157" hits="213" branch="false"/>
                <line number="158" hits="12" branch="false"/>
                <line number="159" hits="12" branch="false"/>
                <line number="160" hits="12" branch="false"/>
                <line number="161" hits="201" branch="false"/>
                <line number="162" hits="196" branch="false"/>
                <line number="165" hits="214" branch="false"/>
                <line number="166" hits="214" branch="false"/>
                <line number="170" hits="214" branch="false"/>
                <line number="171" hits="6" branch="false"/>
                <line number="172" hits="6" branch="false"/>
                <line number="173" hits="6" branch="false"/>
                <line number="175" hits="6" branch="false"/>
                <line number="176" hits="4" branch="false"/>
                <line number="180" hits="210" branch="false"/>
                <line number="181" hits="3" branch="false"/>
                <line number="184" hits="207" branch="false"/>
                <line number="185" hits="6" branch="false"/>
                <line number="186" hits="6" branch="false"/>
                <line number="187" hits="6" branch="false"/>
                <line number="189" hits="6" branch="false"/>
                <line number="190" hits="4" branch="false"/>
                <line number="194" hits="203" branch="false"/>
                <line number="195" hits="203" branch="false"/>
                <line number="196" hits="203" branch="false"/>
                <line number="197" hits="203" branch="false"/>
                <line number="199" hits="203" branch="false"/>
                <line number="200" hits="3" branch="false"/>
                <line number="203" hits="200" branch="false"/>
                <line number="204" hits="7" branch="false"/>
                <line number="205" hits="7" branch="false"/>
                <line number="206" hits="7" branch="false"/>
                <line number="207" hits="7" branch="false"/>
                <line number="209" hits="7" branch="false"/>
                <line number="210" hits="3" branch="false"/>
                <line number="215" hits="197" branch="false"/>
                <line number="216" hits="2" branch="false"/>
                <line number="217" hits="2" branch="false"/>
                <line number="218" hits="2" branch="false"/>
                <line number="219" hits="2" branch="false"/>
                <line number="220" hits="2" branch="false"/>
                <line number="224" hits="197" branch="false"/>
                <line number="225" hits="197" branch="false"/>
                <line number="226" hits="197" branch="false"/>
                <line number="227" hits="197" branch="false"/>
                <line number="228" hits="197" branch="false"/>
                <line number="229" hits="197" branch="false"/>
                <line number="230" hits="197" branch="false"/>
              </lines>
            </method>
[...]
                <line number="169" hits="15" branch="false"/>
                <line number="171" hits="15" branch="false"/>
                <line number="173" hits="15" branch="false"/>
                <line number="174" hits="15" branch="false"/>
                <line number="178" hits="324" branch="false"/>
                <line number="179" hits="324" branch="false"/>
                <line number="180" hits="324" branch="false"/>
                <line number="181" hits="324" branch="false"/>
                <line number="183" hits="324" branch="false"/>
              </lines>
            </method>
            <method name="power_input_val" signature="" line-rate="1" branch-rate="0" complexity="0">
              <lines>
                <line number="189" hits="28" branch="false"/>
                <line number="191" hits="28" branch="false"/>
                <line number="192" hits="28" branch="false"/>
                <line number="193" hits="28" branch="false"/>
                <line number="194" hits="28" branch="false"/>
                <line number="195" hits="28" branch="false"/>
                <line number="196" hits="28" branch="false"/>
                <line number="197" hits="28" branch="false"/>
                <line number="198" hits="28" branch="false"/>
                <line number="199" hits="28" branch="false"/>
                <line number="200" hits="28" branch="false"/>
                <line number="201" hits="28" branch="false"/>
                <line number="202" hits="28" branch="false"/>
                <line number="203" hits="28" branch="false"/>
                <line number="204" hits="28" branch="false"/>
                <line number="205" hits="28" branch="false"/>
                <line number="206" hits="28" branch="false"/>
                <line number="207" hits="28" branch="false"/>
                <line number="208" hits="28" branch="false"/>
                <line number="209" hits="28" branch="false"/>
                <line number="210" hits="28" branch="false"/>
                <line number="211" hits="28" branch="false"/>
                <line number="212" hits="28" branch="false"/>
                <line number="214" hits="20" branch="false"/>
              </lines>
            </method>
          </methods>
          <lines>
            <line number="61" hits="341" branch="false"/>
            <line number="62" hits="341" branch="false"/>
            <line number="63" hits="341" branch="false"/>
            <line number="64" hits="341" branch="false"/>
            <line number="65" hits="341" branch="false"/>
            <line number="66" hits="341" branch="false"/>
            <line number="67" hits="341" branch="false"/>
            <line number="68" hits="341" branch="false"/>
            <line number="69" hits="341" branch="false"/>
            <line number="70" hits="341" branch="false"/>
            <line number="72" hits="341" branch="false"/>
            <line number="73" hits="341" branch="false"/>
            <line number="74" hits="341" branch="false"/>
            <line number="75" hits="341" branch="false"/>
            <line number="77" hits="341" branch="false"/>
            <line number="78" hits="341" branch="false"/>
            <line number="79" hits="341" branch="false"/>
            <line number="80" hits="341" branch="false"/>
            <line number="81" hits="341" branch="false"/>
            <line number="82" hits="341" branch="false"/>
            <line number="83" hits="341" branch="false"/>
            <line number="84" hits="341" branch="false"/>
            <line number="85" hits="341" branch="false"/>
            <line number="86" hits="341" branch="false"/>
            <line number="87" hits="341" branch="false"/>
            <line number="88" hits="341" branch="false"/>
            <line number="89" hits="341" branch="false"/>
            <line number="90" hits="341" branch="false"/>
            <line number="91" hits="341" branch="false"/>
            <line number="92" hits="341" branch="false"/>
            <line number="93" hits="341" branch="false"/>
            <line number="94" hits="341" branch="false"/>
            <line number="95" hits="341" branch="false"/>
            <line number="96" hits="341" branch="false"/>
            <line number="97" hits="341" branch="false"/>
            <line number="98" hits="341" branch="false"/>
            <line number="99" hits="341" branch="false"/>
            <line number="100" hits="341" branch="false"/>
            <line number="101" hits="341" branch="false"/>
            <line number="104" hits="327" branch="false"/>
            <line number="105" hits="323" branch="false"/>
            <line number="107" hits="4" branch="false"/>
            <line number="110" hits="327" branch="false"/>
            <line number="111" hits="327" branch="false"/>
            <line number="112" hits="327" branch="false"/>
            <line number="114" hits="327" branch="false"/>
            <line number="116" hits="327" branch="false"/>
            <line number="117" hits="327" branch="false"/>
            <line number="118" hits="327" branch="false"/>
            <line number="122" hits="327" branch="false"/>
            <line number="123" hits="327" branch="false"/>
            <line number="124" hits="327" branch="false"/>
            <line number="125" hits="327" branch="false"/>
            <line number="126" hits="327" branch="false"/>
            <line number="127" hits="327" branch="false"/>
            <line number="128" hits="327" branch="false"/>
            <line number="129" hits="327" branch="false"/>
            <line number="130" hits="327" branch="false"/>
            <line number="131" hits="327" branch="false"/>
            <line number="132" hits="327" branch="false"/>
            <line number="134" hits="326" branch="false"/>
            <line number="135" hits="326" branch="false"/>
            <line number="136" hits="326" branch="false"/>
            <line number="137" hits="326" branch="false"/>
            <line number="138" hits="326" branch="false"/>
            <line number="139" hits="326" branch="false"/>
            <line number="140" hits="326" branch="false"/>
            <line number="141" hits="326" branch="false"/>
            <line number="142" hits="326" branch="false"/>
            <line number="143" hits="326" branch="false"/>
            <line number="144" hits="326" branch="false"/>
            <line number="145" hits="326" branch="false"/>
            <line number="146" hits="326" branch="false"/>
            <line number="149" hits="324" branch="false"/>
            <line number="150" hits="321" branch="false"/>
            <line number="152" hits="3" branch="false"/>
            <line number="155" hits="324" branch="false"/>
            <line number="156" hits="324" branch="false"/>
            <line number="157" hits="324" branch="false"/>
            <line number="158" hits="324" branch="false"/>
            <line number="159" hits="324" branch="false"/>
            <line number="160" hits="324" branch="false"/>
            <line number="161" hits="324" branch="false"/>
            <line number="162" hits="324" branch="false"/>
            <line number="163" hits="324" branch="false"/>
            <line number="165" hits="324" branch="false"/>
            <line number="166" hits="324" branch="false"/>
            <line number="167" hits="5812" branch="false"/>
            <line number="168" hits="15" branch="false"/>
            <line number="169" hits="15" branch="false"/>
            <line number="171" hits="15" branch="false"/>
            <line number="173" hits="15" branch="false"/>
            <line number="174" hits="15" branch="false"/>
            <line number="178" hits="324" branch="false"/>
            <line number="179" hits="324" branch="false"/>
            <line number="180" hits="324" branch="false"/>
            <line number="181" hits="324" branch="false"/>
            <line number="183" hits="324" branch="false"/>
            <line number="189" hits="28" branch="false"/>
            <line number="191" hits="28" branch="false"/>
            <line number="192" hits="28" branch="false"/>
            <line number="193" hits="28" branch="false"/>
            <line number="194" hits="28" branch="false"/>
            <line number="195" hits="28" branch="false"/>
            <line number="196" hits="28" branch="false"/>
            <line number="197" hits="28" branch="false"/>
            <line number="198" hits="28" branch="false"/>
            <line number="199" hits="28" branch="false"/>
            <line number="200" hits="28" branch="false"/>
            <line number="201" hits="28" branch="false"/>
            <line number="202" hits="28" branch="false"/>
            <line number="203" hits="28" branch="false"/>
            <line number="204" hits="28" branch="false"/>
            <line number="205" hits="28" branch="false"/>
            <line number="206" hits="28" branch="false"/>
            <line number="207" hits="28" branch="false"/>
            <line number="208" hits="28" branch="false"/>
            <line number="209" hits="28" branch="false"/>
            <line number="210" hits="28" branch="false"/>
            <line number="211" hits="28" branch="false"/>
            <line number="212" hits="28" branch="false"/>
            <line number="214" hits="20" branch="false"/>
          </lines>
        </class>
        <class name="test_values.R" filename="R/test_values.R" line-rate="1" branch-rate="0" complexity="0">
          <methods>
            <method name="test_values_bonferroni" signature="" line-rate="1" branch-rate="0" complexity="0">
              <lines>
                <line number="47" hits="216" branch="false"/>
                <line number="48" hits="26" branch="false"/>
                <line number="50" hits="190" branch="false"/>
                <line number="51" hits="190" branch="false"/>
                <line number="52" hits="190" branch="false"/>
                <line number="53" hits="190" branch="false"/>
                <line number="54" hits="190" branch="false"/>
                <line number="55" hits="190" branch="false"/>
                <line number="56" hits="190" branch="false"/>
                <line number="57" hits="190" branch="false"/>
                <line number="58" hits="190" branch="false"/>
                <line number="59" hits="190" branch="false"/>
                <line number="60" hits="190" branch="false"/>
                <line number="61" hits="190" branch="false"/>
                <line number="62" hits="190" branch="false"/>
                <line number="63" hits="190" branch="false"/>
                <line number="64" hits="190" branch="false"/>
              </lines>
            </method>
            <method name="test_values_parametric" signature="" line-rate="1" branch-rate="0" complexity="0">
              <lines>
                <line number="75" hits="132" branch="false"/>
                <line number="76" hits="28" branch="false"/>
                <line number="78" hits="104" branch="false"/>
                <line number="80" hits="104" branch="false"/>
                <line number="81" hits="104" branch="false"/>
                <line number="82" hits="104" branch="false"/>
                <line number="83" hits="104" branch="false"/>
                <line number="84" hits="104" branch="false"/>
                <line number="85" hits="104" branch="false"/>
                <line number="86" hits="104" branch="false"/>
                <line number="87" hits="104" branch="false"/>
                <line number="88" hits="104" branch="false"/>
                <line number="89" hits="104" branch="false"/>
                <line number="90" hits="104" branch="false"/>
                <line number="91" hits="104" branch="false"/>
                <line number="92" hits="104" branch="false"/>
                <line number="93" hits="104" branch="false"/>
                <line number="94" hits="104" branch="false"/>
              </lines>
            </method>
            <method name="test_values_simes" signature="" line-rate="1" branch-rate="0" complexity="0">
              <lines>
                <line number="101" hits="112" branch="false"/>
                <line number="102" hits="29" branch="false"/>
                <line number="104" hits="83" branch="false"/>
                <line number="105" hits="83" branch="false"/>
                <line number="107" hits="83" branch="false"/>
                <line number="108" hits="110" branch="false"/>
                <line number="109" hits="110" branch="false"/>
                <line number="112" hits="83" branch="false"/>
                <line number="113" hits="83" branch="false"/>
                <line number="114" hits="83" branch="false"/>
                <line number="115" hits="83" branch="false"/>
                <line number="116" hits="83" branch="false"/>
                <line number="117" hits="83" branch="false"/>
                <line number="118" hits="83" branch="false"/>
                <line number="119" hits="83" branch="false"/>
                <line number="120" hits="83" branch="false"/>
                <line number="121" hits="83" branch="false"/>
                <line number="122" hits="83" branch="false"/>
                <line number="123" hits="83" branch="false"/>
                <line number="124" hits="83" branch="false"/>
                <line number="125" hits="83" branch="false"/>
                <line number="126" hits="83" branch="false"/>
              </lines>
            </method>
            <method name="test_values_hochberg" signature="" line-rate="1" branch-rate="0" complexity="0">
              <lines>
                <line number="133" hits="3" branch="false"/>
                <line number="134" hits="1" branch="false"/>
                <line number="136" hits="2" branch="false"/>
                <line number="137" hits="2" branch="false"/>
                <line number="138" hits="2" branch="false"/>
                <line number="140" hits="2" branch="false"/>
                <line number="141" hits="4" branch="false"/>
                <line number="142" hits="4" branch="false"/>
                <line number="145" hits="2" branch="false"/>
                <line number="146" hits="2" branch="false"/>
                <line number="147" hits="2" branch="false"/>
                <line number="148" hits="2" branch="false"/>
                <line number="149" hits="2" branch="false"/>
                <line number="150" hits="2" branch="false"/>
                <line number="151" hits="2" branch="false"/>
                <line number="152" hits="2" branch="false"/>
                <line number="153" hits="2" branch="false"/>
                <line number="154" hits="2" branch="false"/>
                <line number="155" hits="2" branch="false"/>
                <line number="156" hits="2" branch="false"/>
                <line number="157" hits="2" branch="false"/>
                <line number="158" hits="2" branch="false"/>
                <line number="159" hits="2" branch="false"/>
              </lines>
            </method>
          </methods>
          <lines>
            <line number="47" hits="216" branch="false"/>
            <line number="48" hits="26" branch="false"/>
            <line number="50" hits="190" branch="false"/>
            <line number="51" hits="190" branch="false"/>
            <line number="52" hits="190" branch="false"/>
            <line number="53" hits="190" branch="false"/>
            <line number="54" hits="190" branch="false"/>
            <line number="55" hits="190" branch="false"/>
            <line number="56" hits="190" branch="false"/>
            <line number="57" hits="190" branch="false"/>
            <line number="58" hits="190" branch="false"/>
            <line number="59" hits="190" branch="false"/>
            <line number="60" hits="190" branch="false"/>
            <line number="61" hits="190" branch="false"/>
            <line number="62" hits="190" branch="false"/>
            <line number="63" hits="190" branch="false"/>
            <line number="64" hits="190" branch="false"/>
            <line number="75" hits="132" branch="false"/>
            <line number="76" hits="28" branch="false"/>
            <line number="78" hits="104" branch="false"/>
            <line number="80" hits="104" branch="false"/>
            <line number="81" hits="104" branch="false"/>
            <line number="82" hits="104" branch="false"/>
            <line number="83" hits="104" branch="false"/>
            <line number="84" hits="104" branch="false"/>
            <line number="85" hits="104" branch="false"/>
            <line number="86" hits="104" branch="false"/>
            <line number="87" hits="104" branch="false"/>
            <line number="88" hits="104" branch="false"/>
            <line number="89" hits="104" branch="false"/>
            <line number="90" hits="104" branch="false"/>
            <line number="91" hits="104" branch="false"/>
            <line number="92" hits="104" branch="false"/>
            <line number="93" hits="104" branch="false"/>
            <line number="94" hits="104" branch="false"/>
            <line number="101" hits="112" branch="false"/>
            <line number="102" hits="29" branch="false"/>
            <line number="104" hits="83" branch="false"/>
            <line number="105" hits="83" branch="false"/>
            <line number="107" hits="83" branch="false"/>
            <line number="108" hits="110" branch="false"/>
            <line number="109" hits="110" branch="false"/>
            <line number="112" hits="83" branch="false"/>
            <line number="113" hits="83" branch="false"/>
            <line number="114" hits="83" branch="false"/>
            <line number="115" hits="83" branch="false"/>
            <line number="116" hits="83" branch="false"/>
            <line number="117" hits="83" branch="false"/>
            <line number="118" hits="83" branch="false"/>
            <line number="119" hits="83" branch="false"/>
            <line number="120" hits="83" branch="false"/>
            <line number="121" hits="83" branch="false"/>
            <line number="122" hits="83" branch="false"/>
            <line number="123" hits="83" branch="false"/>
            <line number="124" hits="83" branch="false"/>
            <line number="125" hits="83" branch="false"/>
            <line number="126" hits="83" branch="false"/>
            <line number="133" hits="3" branch="false"/>
            <line number="134" hits="1" branch="false"/>
            <line number="136" hits="2" branch="false"/>
            <line number="137" hits="2" branch="false"/>
            <line number="138" hits="2" branch="false"/>
            <line number="140" hits="2" branch="false"/>
            <line number="141" hits="4" branch="false"/>
            <line number="142" hits="4" branch="false"/>
            <line number="145" hits="2" branch="false"/>
            <line number="146" hits="2" branch="false"/>
            <line number="147" hits="2" branch="false"/>
            <line number="148" hits="2" branch="false"/>
            <line number="149" hits="2" branch="false"/>
            <line number="150" hits="2" branch="false"/>
            <line number="151" hits="2" branch="false"/>
            <line number="152" hits="2" branch="false"/>
            <line number="153" hits="2" branch="false"/>
            <line number="154" hits="2" branch="false"/>
            <line number="155" hits="2" branch="false"/>
            <line number="156" hits="2" branch="false"/>
            <line number="157" hits="2" branch="false"/>
            <line number="158" hits="2" branch="false"/>
            <line number="159" hits="2" branch="false"/>
          </lines>
        </class>
      </classes>
    </package>
  </packages>
</coverage>
